#
# There is insufficient memory for the Java Runtime Environment to continue.
# Native memory allocation (mmap) failed to map 268435456 bytes for G1 virtual space
# Possible reasons:
#   The system is out of physical RAM or swap space
#   The process is running with CompressedOops enabled, and the Java Heap may be blocking the growth of the native heap
# Possible solutions:
#   Reduce memory load on the system
#   Increase physical memory or swap space
#   Check if swap backing store is full
#   Decrease Java heap size (-Xmx/-Xms)
#   Decrease number of Java threads
#   Decrease Java thread stack sizes (-Xss)
#   Set larger code cache with -XX:ReservedCodeCacheSize=
#   JVM is running with Zero Based Compressed Oops mode in which the Java heap is
#     placed in the first 32GB address space. The Java Heap base address is the
#     maximum limit for the native heap growth. Please use -XX:HeapBaseMinAddress
#     to set the Java Heap base and to place the Java Heap above 32GB virtual address.
# This output file may be truncated or incomplete.
#
#  Out of Memory Error (os_windows.cpp:3829), pid=6456, tid=12784
#
# JRE version:  (17.0.8.1+7) (build )
# Java VM: OpenJDK 64-Bit Server VM (17.0.8.1+7-b1000.32, mixed mode, sharing, tiered, compressed oops, compressed class ptrs, g1 gc, windows-amd64)
# No core dump will be written. Minidumps are not enabled by default on client versions of Windows
#

---------------  S U M M A R Y ------------

Command Line: git4idea.http.GitAskPassApp Username for 'https://github.com': 

Host: Intel(R) Core(TM) i7-6500U CPU @ 2.50GHz, 4 cores, 15G,  Windows 11 , 64 bit Build 22621 (10.0.22621.2428)
Time: Mon Oct 23 05:35:32 2023 Egypt Daylight Time elapsed time: 0.021525 seconds (0d 0h 0m 0s)

---------------  T H R E A D  ---------------

Current thread (0x00000259d1166660):  JavaThread "Unknown thread" [_thread_in_vm, id=12784, stack(0x0000007596700000,0x0000007596800000)]

Stack: [0x0000007596700000,0x0000007596800000]
Native frames: (J=compiled Java code, j=interpreted, Vv=VM code, C=native code)
V  [jvm.dll+0x6852da]
V  [jvm.dll+0x844c84]
V  [jvm.dll+0x84659e]
V  [jvm.dll+0x846c03]
V  [jvm.dll+0x24b7cf]
V  [jvm.dll+0x682049]
V  [jvm.dll+0x67671a]
V  [jvm.dll+0x30be2b]
V  [jvm.dll+0x3132d6]
V  [jvm.dll+0x36302e]
V  [jvm.dll+0x36325f]
V  [jvm.dll+0x2e1f48]
V  [jvm.dll+0x2e2eb4]
V  [jvm.dll+0x815c11]
V  [jvm.dll+0x370df1]
V  [jvm.dll+0x7f4fdc]
V  [jvm.dll+0x3f3f1f]
V  [jvm.dll+0x3f5b31]
C  [jli.dll+0x528f]
C  [ucrtbase.dll+0x29363]
C  [KERNEL32.DLL+0x1257d]
C  [ntdll.dll+0x5aa78]


---------------  P R O C E S S  ---------------

Threads class SMR info:
_java_thread_list=0x00007ff907d300d8, length=0, elements={
}

Java Threads: ( => current thread )

Other Threads:
  0x00000259d11d2970 GCTaskThread "GC Thread#0" [stack: 0x0000007596800000,0x0000007596900000] [id=8256]
  0x00000259d11e4720 ConcurrentGCThread "G1 Main Marker" [stack: 0x0000007596900000,0x0000007596a00000] [id=5532]
  0x00000259d11e58d0 ConcurrentGCThread "G1 Conc#0" [stack: 0x0000007596a00000,0x0000007596b00000] [id=10776]

[error occurred during error reporting (printing all threads), id 0xc0000005, EXCEPTION_ACCESS_VIOLATION (0xc0000005) at pc=0x00007ff9074e2ab7]

VM state: not at safepoint (not fully initialized)

VM Mutex/Monitor currently owned by a thread:  ([mutex/lock_event])
[0x00000259d1160b30] Heap_lock - owner thread: 0x00000259d1166660

Heap address: 0x0000000701a00000, size: 4070 MB, Compressed Oops mode: Zero based, Oop shift amount: 3

CDS archive(s) mapped at: [0x0000000000000000-0x0000000000000000-0x0000000000000000), size 0, SharedBaseAddress: 0x0000000800000000, ArchiveRelocationMode: 1.
Narrow klass base: 0x0000000000000000, Narrow klass shift: 0, Narrow klass range: 0x0

GC Precious Log:
<Empty>

Heap:
 garbage-first heap   total 0K, used 0K [0x0000000701a00000, 0x0000000800000000)
  region size 2048K, 0 young (0K), 0 survivors (0K)
 Metaspace       used 0K, committed 0K, reserved 0K
  class space    used 0K, committed 0K, reserved 0K

Heap Regions: E=young(eden), S=young(survivor), O=old, HS=humongous(starts), HC=humongous(continues), CS=collection set, F=free, OA=open archive, CA=closed archive, TAMS=top-at-mark-start (previous, next)

Card table byte_map: [0x00000259e5ee0000,0x00000259e66e0000] _byte_map_base: 0x00000259e26d3000

Marking Bits (Prev, Next): (CMBitMap*) 0x00000259d11d2f90, (CMBitMap*) 0x00000259d11d2fd0
 Prev Bits: [0x00000259e6ee0000, 0x00000259eae78000)
 Next Bits: [0x00000259eae80000, 0x00000259eee18000)

GC Heap History (0 events):
No events

Dll operation events (1 events):
Event: 0.014 Loaded shared library C:\Program Files\JetBrains\PhpStorm 2023.1.2\jbr\bin\java.dll

Deoptimization events (0 events):
No events

Classes unloaded (0 events):
No events

Classes redefined (0 events):
No events

Internal exceptions (0 events):
No events

VM Operations (0 events):
No events

Events (0 events):
No events


Dynamic libraries:
0x00007ff77efa0000 - 0x00007ff77efaa000 	C:\Program Files\JetBrains\PhpStorm 2023.1.2\jbr\bin\java.exe
0x00007ff946430000 - 0x00007ff946647000 	C:\Windows\SYSTEM32\ntdll.dll
0x00007ff944f50000 - 0x00007ff945014000 	C:\Windows\System32\KERNEL32.DLL
0x00007ff943d60000 - 0x00007ff944106000 	C:\Windows\System32\KERNELBASE.dll
0x00007ff940b60000 - 0x00007ff940bf7000 	C:\Windows\SYSTEM32\apphelp.dll
0x00007ff943910000 - 0x00007ff943a21000 	C:\Windows\System32\ucrtbase.dll
0x00007ff9317d0000 - 0x00007ff9317eb000 	C:\Program Files\JetBrains\PhpStorm 2023.1.2\jbr\bin\VCRUNTIME140.dll
0x00007ff939f20000 - 0x00007ff939f37000 	C:\Program Files\JetBrains\PhpStorm 2023.1.2\jbr\bin\jli.dll
0x00007ff944340000 - 0x00007ff9444ed000 	C:\Windows\System32\USER32.dll
0x00007ff932b30000 - 0x00007ff932dc3000 	C:\Windows\WinSxS\amd64_microsoft.windows.common-controls_6595b64144ccf1df_6.0.22621.2361_none_2712ced57382f843\COMCTL32.dll
0x00007ff9438e0000 - 0x00007ff943906000 	C:\Windows\System32\win32u.dll
0x00007ff945350000 - 0x00007ff9453f7000 	C:\Windows\System32\msvcrt.dll
0x00007ff9448c0000 - 0x00007ff9448e9000 	C:\Windows\System32\GDI32.dll
0x00007ff943c40000 - 0x00007ff943d58000 	C:\Windows\System32\gdi32full.dll
0x00007ff943a30000 - 0x00007ff943aca000 	C:\Windows\System32\msvcp_win.dll
0x00007ff9445d0000 - 0x00007ff944601000 	C:\Windows\System32\IMM32.DLL
0x00007ff93e4b0000 - 0x00007ff93e4bc000 	C:\Program Files\JetBrains\PhpStorm 2023.1.2\jbr\bin\vcruntime140_1.dll
0x00007ff91bfe0000 - 0x00007ff91c06d000 	C:\Program Files\JetBrains\PhpStorm 2023.1.2\jbr\bin\msvcp140.dll
0x00007ff9071f0000 - 0x00007ff907e73000 	C:\Program Files\JetBrains\PhpStorm 2023.1.2\jbr\bin\server\jvm.dll
0x00007ff945ac0000 - 0x00007ff945b70000 	C:\Windows\System32\ADVAPI32.dll
0x00007ff9444f0000 - 0x00007ff944596000 	C:\Windows\System32\sechost.dll
0x00007ff945020000 - 0x00007ff945137000 	C:\Windows\System32\RPCRT4.dll
0x00007ff93d170000 - 0x00007ff93d1a4000 	C:\Windows\SYSTEM32\WINMM.dll
0x00007ff93d5e0000 - 0x00007ff93d5e9000 	C:\Windows\SYSTEM32\WSOCK32.dll
0x00007ff944ed0000 - 0x00007ff944f41000 	C:\Windows\System32\WS2_32.dll
0x00007ff938b80000 - 0x00007ff938b8a000 	C:\Windows\SYSTEM32\VERSION.dll
0x00007ff942640000 - 0x00007ff94268d000 	C:\Windows\SYSTEM32\POWRPROF.dll
0x00007ff942620000 - 0x00007ff942633000 	C:\Windows\SYSTEM32\UMPDC.dll
0x00007ff942880000 - 0x00007ff942898000 	C:\Windows\SYSTEM32\kernel.appcore.dll
0x00007ff940aa0000 - 0x00007ff940aaa000 	C:\Program Files\JetBrains\PhpStorm 2023.1.2\jbr\bin\jimage.dll
0x00007ff92a380000 - 0x00007ff92a5ae000 	C:\Windows\SYSTEM32\DBGHELP.DLL
0x00007ff944b30000 - 0x00007ff944eba000 	C:\Windows\System32\combase.dll
0x00007ff944940000 - 0x00007ff944a17000 	C:\Windows\System32\OLEAUT32.dll
0x00007ff92a340000 - 0x00007ff92a372000 	C:\Windows\SYSTEM32\dbgcore.DLL
0x00007ff944110000 - 0x00007ff94418a000 	C:\Windows\System32\bcryptPrimitives.dll
0x00007ff93b140000 - 0x00007ff93b165000 	C:\Program Files\JetBrains\PhpStorm 2023.1.2\jbr\bin\java.dll

dbghelp: loaded successfully - version: 4.0.5 - missing functions: none
symbol engine: initialized successfully - sym options: 0x614 - pdb path: .;C:\Program Files\JetBrains\PhpStorm 2023.1.2\jbr\bin;C:\Windows\SYSTEM32;C:\Windows\WinSxS\amd64_microsoft.windows.common-controls_6595b64144ccf1df_6.0.22621.2361_none_2712ced57382f843;C:\Program Files\JetBrains\PhpStorm 2023.1.2\jbr\bin\server

VM Arguments:
java_command: git4idea.http.GitAskPassApp Username for 'https://github.com': 
java_class_path (initial): C:/Program Files/JetBrains/PhpStorm 2023.1.2/plugins/vcs-git/lib/git4idea-rt.jar;C:/Program Files/JetBrains/PhpStorm 2023.1.2/lib/externalProcess-rt.jar
Launcher Type: SUN_STANDARD

[Global flags]
     intx CICompilerCount                          = 3                                         {product} {ergonomic}
     uint ConcGCThreads                            = 1                                         {product} {ergonomic}
     uint G1ConcRefinementThreads                  = 4                                         {product} {ergonomic}
   size_t G1HeapRegionSize                         = 2097152                                   {product} {ergonomic}
    uintx GCDrainStackTargetSize                   = 64                                        {product} {ergonomic}
   size_t InitialHeapSize                          = 268435456                                 {product} {ergonomic}
   size_t MarkStackSize                            = 4194304                                   {product} {ergonomic}
   size_t MaxHeapSize                              = 4267704320                                {product} {ergonomic}
   size_t MinHeapDeltaBytes                        = 2097152                                   {product} {ergonomic}
   size_t MinHeapSize                              = 8388608                                   {product} {ergonomic}
    uintx NonNMethodCodeHeapSize                   = 5832780                                {pd product} {ergonomic}
    uintx NonProfiledCodeHeapSize                  = 122912730                              {pd product} {ergonomic}
    uintx ProfiledCodeHeapSize                     = 122912730                              {pd product} {ergonomic}
    uintx ReservedCodeCacheSize                    = 251658240                              {pd product} {ergonomic}
     bool SegmentedCodeCache                       = true                                      {product} {ergonomic}
   size_t SoftMaxHeapSize                          = 4267704320                             {manageable} {ergonomic}
     bool UseCompressedClassPointers               = true                           {product lp64_product} {ergonomic}
     bool UseCompressedOops                        = true                           {product lp64_product} {ergonomic}
     bool UseG1GC                                  = true                                      {product} {ergonomic}
     bool UseLargePagesIndividualAllocation        = false                                  {pd product} {ergonomic}

Logging:
Log output configuration:
 #0: stdout all=warning uptime,level,tags
 #1: stderr all=off uptime,level,tags

Environment Variables:
PATH=C:\Program Files\Git\mingw64\libexec\git-core;C:\Program Files\Git\mingw64\libexec\git-core;C:\Program Files\Git\mingw64\bin;C:\Program Files\Git\usr\bin;C:\Users\saisr\bin;C:\Windows\system32;C:\Windows;C:\Windows\System32\Wbem;C:\Windows\System32\WindowsPowerShell\v1.0;C:\Windows\System32\OpenSSH;C:\Program Files\Microsoft SQL Server\150\Tools\Binn;C:\Program Files\Microsoft SQL Server\Client SDK\ODBC\170\Tools\Binn;C:\Program Files\dotnet;C:\Program Files\Git\cmd;C:\ProgramData\chocolatey\bin;C:\Program Files\nodejs;C:\Program Files (x86)\Microsoft SQL Server\160\DTS\Binn;C:\Program Files\Azure Data Studio\bin;C:\Users\saisr\AppData\Local\Microsoft\WindowsApps;C:\Users\saisr\.dotnet\tools;C:\Program Files\JetBrains\PhpStorm 2023.1.2\bin;C:\Users\saisr\AppData\Roaming\npm;C:\Program Files\Azure Data Studio\bin
USERNAME=saisr
DISPLAY=:0.0
LC_ALL=en_US.UTF-8
TERM=xterm-256color
TMPDIR=C:\Users\saisr\AppData\Local\Temp
OS=Windows_NT
PROCESSOR_IDENTIFIER=Intel64 Family 6 Model 78 Stepping 3, GenuineIntel
TMP=C:\Users\saisr\AppData\Local\Temp
TEMP=C:\Users\saisr\AppData\Local\Temp


JNI global refs:
JNI global refs: 0, weak refs: 0

JNI global refs memory usage: 0, weak refs: 0

OOME stack traces (most recent first):
Classloader memory used:


---------------  S Y S T E M  ---------------

OS:
 Windows 11 , 64 bit Build 22621 (10.0.22621.2428)
OS uptime: 8 days 17:50 hours

CPU: total 4 (initial active 4) (2 cores per cpu, 2 threads per core) family 6 model 78 stepping 3 microcode 0xdc, cx8, cmov, fxsr, ht, mmx, 3dnowpref, sse, sse2, sse3, ssse3, sse4.1, sse4.2, popcnt, lzcnt, tsc, tscinvbit, avx, avx2, aes, erms, clmul, bmi1, bmi2, adx, fma, vzeroupper, clflush, clflushopt
Processor Information for all 4 processors :
  Max Mhz: 2601, Current Mhz: 2601, Mhz Limit: 2601

Memory: 4k page, system-wide physical 16275M (1373M free)
TotalPageFile size 44745M (AvailPageFile size 15M)
current process WorkingSet (physical memory assigned to process): 12M, peak: 12M
current process commit charge ("private bytes"): 52M, peak: 308M

vm_info: OpenJDK 64-Bit Server VM (17.0.8.1+7-b1000.32) for windows-amd64 JRE (17.0.8.1+7-b1000.32), built on 2023-09-15 by "builduser" with MS VC++ 16.10 / 16.11 (VS2019)

END.
